{"level":"warn","message":"Se intento acceder a /api/randomsa con el metodo GET","timestamp":"2023-01-18T15:00:08.118Z"}
{"level":"error","message":"ERROR 501 \n ruta '/api/randomsa' método 'GET' no implementada","timestamp":"2023-01-18T15:00:08.122Z"}
{"level":"warn","message":"Se intento acceder a /api/randomsa con el metodo GET","timestamp":"2023-01-18T15:01:47.886Z"}
{"level":"error","message":"ERROR 501 \n ruta '/api/randomsa' método 'GET' no implementada","timestamp":"2023-01-18T15:01:47.887Z"}
{"level":"error","message":"ERROR 500 \n Cannot read properties of undefined (reading 'role')","timestamp":"2023-01-22T22:09:07.564Z"}
{"level":"error","message":"ERROR 500 \n Cannot read properties of undefined (reading 'role')","timestamp":"2023-01-22T22:09:38.562Z"}
{"level":"warn","message":"Se intento acceder a /api/auth/signin con el metodo POST","timestamp":"2023-01-22T22:09:51.711Z"}
{"level":"error","message":"ERROR 501 \n ruta '/api/auth/signin' método 'POST' no implementada","timestamp":"2023-01-22T22:09:51.712Z"}
{"level":"warn","message":"Se intento acceder a /favicon.ico con el metodo GET","timestamp":"2023-01-22T22:10:30.342Z"}
{"level":"error","message":"ERROR 501 \n ruta '/favicon.ico' método 'GET' no implementada","timestamp":"2023-01-22T22:10:30.343Z"}
{"level":"warn","message":"Se intento acceder a /www.fotocompas.com con el metodo GET","timestamp":"2023-01-22T22:10:36.649Z"}
{"level":"error","message":"ERROR 501 \n ruta '/www.fotocompas.com' método 'GET' no implementada","timestamp":"2023-01-22T22:10:36.650Z"}
{"level":"warn","message":"Se intento acceder a /api/carrito con el metodo POST","timestamp":"2023-01-22T22:14:08.946Z"}
{"level":"error","message":"ERROR 501 \n ruta '/api/carrito' método 'POST' no implementada","timestamp":"2023-01-22T22:14:08.946Z"}
{"level":"error","message":"ERROR 500 \n Cannot read properties of undefined (reading 'role')","timestamp":"2023-01-22T22:27:33.321Z"}
{"level":"error","message":"ERROR 500 \n E11000 duplicate key error collection: Entrega12.productos index: nombre_1 dup key: { nombre: \"compás\" }","timestamp":"2023-01-22T22:28:57.618Z"}
{"level":"warn","message":"Se intento acceder a /api/productos/ con el metodo POST","timestamp":"2023-01-22T22:29:10.912Z"}
{"level":"error","message":"ERROR 501 \n ruta '/api/productos/' método 'POST' no implementada","timestamp":"2023-01-22T22:29:10.912Z"}
{"level":"warn","message":"Se intento acceder a /api/productos/ con el metodo POST","timestamp":"2023-01-22T22:29:16.841Z"}
{"level":"error","message":"ERROR 501 \n ruta '/api/productos/' método 'POST' no implementada","timestamp":"2023-01-22T22:29:16.841Z"}
{"level":"warn","message":"Se intento acceder a /api/productos/ con el metodo POST","timestamp":"2023-01-22T22:29:44.737Z"}
{"level":"error","message":"ERROR 501 \n ruta '/api/productos/' método 'POST' no implementada","timestamp":"2023-01-22T22:29:44.738Z"}
{"level":"warn","message":"Se intento acceder a /api/productos/ con el metodo POST","timestamp":"2023-01-22T22:30:06.034Z"}
{"level":"error","message":"ERROR 501 \n ruta '/api/productos/' método 'POST' no implementada","timestamp":"2023-01-22T22:30:06.034Z"}
{"level":"error","message":"ERROR 500 \n Cannot read properties of undefined (reading 'role')","timestamp":"2023-01-22T22:30:12.793Z"}
{"level":"warn","message":"Se intento acceder a /api/productos/ con el metodo POST","timestamp":"2023-01-22T22:30:20.613Z"}
{"level":"error","message":"ERROR 501 \n ruta '/api/productos/' método 'POST' no implementada","timestamp":"2023-01-22T22:30:20.613Z"}
{"level":"error","message":"ERROR 500 \n E11000 duplicate key error collection: Entrega12.productos index: nombre_1 dup key: { nombre: \"compás\" }","timestamp":"2023-01-22T22:31:49.092Z"}
{"level":"error","message":"ERROR 500 \n E11000 duplicate key error collection: Entrega12.productos index: codigo_1 dup key: { codigo: 11 }","timestamp":"2023-01-22T22:31:58.832Z"}
{"level":"warn","message":"Se intento acceder a /favicon.ico con el metodo GET","timestamp":"2023-01-30T13:41:02.630Z"}
{"level":"error","message":"ERROR 501 \n ruta '/favicon.ico' método 'GET' no implementada","timestamp":"2023-01-30T13:41:02.631Z"}
{"level":"warn","message":"Se intento acceder a /signUp con el metodo GET","timestamp":"2023-01-30T13:41:21.277Z"}
{"level":"error","message":"ERROR 501 \n ruta '/signUp' método 'GET' no implementada","timestamp":"2023-01-30T13:41:21.278Z"}
{"level":"warn","message":"Se intento acceder a /favicon.ico con el metodo GET","timestamp":"2023-01-30T13:41:34.051Z"}
{"level":"error","message":"ERROR 501 \n ruta '/favicon.ico' método 'GET' no implementada","timestamp":"2023-01-30T13:41:34.052Z"}
{"level":"warn","message":"Se intento acceder a /favicon.ico con el metodo GET","timestamp":"2023-01-30T13:41:52.248Z"}
{"level":"error","message":"ERROR 501 \n ruta '/favicon.ico' método 'GET' no implementada","timestamp":"2023-01-30T13:41:52.249Z"}
{"level":"warn","message":"Se intento acceder a /favicon.ico con el metodo GET","timestamp":"2023-01-30T13:42:05.799Z"}
{"level":"error","message":"ERROR 501 \n ruta '/favicon.ico' método 'GET' no implementada","timestamp":"2023-01-30T13:42:05.799Z"}
{"level":"warn","message":"Se intento acceder a /favicon.ico con el metodo GET","timestamp":"2023-01-30T13:42:11.460Z"}
{"level":"error","message":"ERROR 501 \n ruta '/favicon.ico' método 'GET' no implementada","timestamp":"2023-01-30T13:42:11.461Z"}
{"level":"warn","message":"Se intento acceder a /signUp con el metodo GET","timestamp":"2023-01-30T13:42:24.899Z"}
{"level":"error","message":"ERROR 501 \n ruta '/signUp' método 'GET' no implementada","timestamp":"2023-01-30T13:42:24.899Z"}
{"level":"warn","message":"Se intento acceder a /favicon.ico con el metodo GET","timestamp":"2023-01-30T13:42:32.184Z"}
{"level":"error","message":"ERROR 501 \n ruta '/favicon.ico' método 'GET' no implementada","timestamp":"2023-01-30T13:42:32.185Z"}
{"level":"warn","message":"Se intento acceder a /favicon.ico con el metodo GET","timestamp":"2023-01-30T13:42:48.697Z"}
{"level":"error","message":"ERROR 501 \n ruta '/favicon.ico' método 'GET' no implementada","timestamp":"2023-01-30T13:42:48.698Z"}
{"level":"warn","message":"Se intento acceder a /favicon.ico con el metodo GET","timestamp":"2023-01-30T13:42:53.531Z"}
{"level":"error","message":"ERROR 501 \n ruta '/favicon.ico' método 'GET' no implementada","timestamp":"2023-01-30T13:42:53.531Z"}
{"level":"warn","message":"Se intento acceder a /signUp con el metodo GET","timestamp":"2023-01-30T13:49:28.839Z"}
{"level":"error","message":"ERROR 501 \n ruta '/signUp' método 'GET' no implementada","timestamp":"2023-01-30T13:49:28.840Z"}
{"level":"warn","message":"Se intento acceder a /favicon.ico con el metodo GET","timestamp":"2023-01-30T13:49:32.594Z"}
{"level":"error","message":"ERROR 501 \n ruta '/favicon.ico' método 'GET' no implementada","timestamp":"2023-01-30T13:49:32.595Z"}
{"level":"warn","message":"Se intento acceder a /favicon.ico con el metodo GET","timestamp":"2023-01-30T13:54:46.037Z"}
{"level":"error","message":"ERROR 501 \n ruta '/favicon.ico' método 'GET' no implementada","timestamp":"2023-01-30T13:54:46.041Z"}
{"level":"warn","message":"Se intento acceder a /favicon.ico con el metodo GET","timestamp":"2023-01-30T13:57:03.721Z"}
{"level":"error","message":"ERROR 501 \n ruta '/favicon.ico' método 'GET' no implementada","timestamp":"2023-01-30T13:57:03.722Z"}
{"level":"warn","message":"Se intento acceder a /favicon.ico con el metodo GET","timestamp":"2023-01-30T14:07:45.690Z"}
{"level":"error","message":"ERROR 501 \n ruta '/favicon.ico' método 'GET' no implementada","timestamp":"2023-01-30T14:07:45.692Z"}
{"level":"warn","message":"Se intento acceder a /favicon.ico con el metodo GET","timestamp":"2023-01-30T14:09:54.974Z"}
{"level":"error","message":"ERROR 501 \n ruta '/favicon.ico' método 'GET' no implementada","timestamp":"2023-01-30T14:09:54.976Z"}
{"level":"warn","message":"Se intento acceder a /favicon.ico con el metodo GET","timestamp":"2023-01-30T14:12:01.204Z"}
{"level":"error","message":"ERROR 501 \n ruta '/favicon.ico' método 'GET' no implementada","timestamp":"2023-01-30T14:12:01.205Z"}
{"level":"warn","message":"Se intento acceder a /favicon.ico con el metodo GET","timestamp":"2023-01-30T14:12:07.151Z"}
{"level":"error","message":"ERROR 501 \n ruta '/favicon.ico' método 'GET' no implementada","timestamp":"2023-01-30T14:12:07.151Z"}
{"level":"warn","message":"Se intento acceder a /favicon.ico con el metodo GET","timestamp":"2023-01-30T14:13:38.122Z"}
{"level":"error","message":"ERROR 501 \n ruta '/favicon.ico' método 'GET' no implementada","timestamp":"2023-01-30T14:13:38.124Z"}
{"level":"warn","message":"Se intento acceder a /favicon.ico con el metodo GET","timestamp":"2023-01-30T14:13:43.097Z"}
{"level":"error","message":"ERROR 501 \n ruta '/favicon.ico' método 'GET' no implementada","timestamp":"2023-01-30T14:13:43.097Z"}
{"level":"warn","message":"Se intento acceder a /favicon.ico con el metodo GET","timestamp":"2023-01-30T14:14:14.366Z"}
{"level":"error","message":"ERROR 501 \n ruta '/favicon.ico' método 'GET' no implementada","timestamp":"2023-01-30T14:14:14.367Z"}
{"level":"warn","message":"Se intento acceder a /signUp con el metodo GET","timestamp":"2023-01-30T14:14:50.636Z"}
{"level":"error","message":"ERROR 501 \n ruta '/signUp' método 'GET' no implementada","timestamp":"2023-01-30T14:14:50.636Z"}
{"level":"warn","message":"Se intento acceder a /signUp con el metodo GET","timestamp":"2023-01-30T14:22:14.273Z"}
{"level":"error","message":"ERROR 501 \n ruta '/signUp' método 'GET' no implementada","timestamp":"2023-01-30T14:22:14.274Z"}
{"level":"warn","message":"Se intento acceder a /favicon.ico con el metodo GET","timestamp":"2023-01-30T14:22:18.739Z"}
{"level":"error","message":"ERROR 501 \n ruta '/favicon.ico' método 'GET' no implementada","timestamp":"2023-01-30T14:22:18.740Z"}
{"level":"error","message":"ERROR 500 \n E11000 duplicate key error collection: Entrega18.users index: username_1 dup key: { username: null }","timestamp":"2023-01-30T16:12:53.997Z"}
{"level":"warn","message":"Se intento acceder a /favicon.ico con el metodo GET","timestamp":"2023-01-30T16:12:54.119Z"}
{"level":"error","message":"ERROR 501 \n ruta '/favicon.ico' método 'GET' no implementada","timestamp":"2023-01-30T16:12:54.120Z"}
{"level":"error","message":"ERROR 500 \n E11000 duplicate key error collection: Entrega18.users index: username_1 dup key: { username: null }","timestamp":"2023-01-30T16:14:06.262Z"}
{"level":"warn","message":"Se intento acceder a /favicon.ico con el metodo GET","timestamp":"2023-01-30T16:14:06.346Z"}
{"level":"error","message":"ERROR 501 \n ruta '/favicon.ico' método 'GET' no implementada","timestamp":"2023-01-30T16:14:06.347Z"}
{"level":"error","message":"ERROR 500 \n Cannot read properties of null (reading 'headers')","timestamp":"2023-01-30T16:43:06.380Z"}
{"level":"warn","message":"Se intento acceder a /favicon.ico con el metodo GET","timestamp":"2023-01-30T16:43:06.536Z"}
{"level":"error","message":"ERROR 501 \n ruta '/favicon.ico' método 'GET' no implementada","timestamp":"2023-01-30T16:43:06.536Z"}
{"level":"error","message":"ERROR 500 \n Cannot read properties of null (reading 'headers')","timestamp":"2023-01-30T16:43:25.301Z"}
{"level":"warn","message":"Se intento acceder a /favicon.ico con el metodo GET","timestamp":"2023-01-30T16:43:25.431Z"}
{"level":"error","message":"ERROR 501 \n ruta '/favicon.ico' método 'GET' no implementada","timestamp":"2023-01-30T16:43:25.431Z"}
{"level":"error","message":"ERROR 500 \n Cannot read properties of null (reading 'headers')","timestamp":"2023-01-30T16:43:45.776Z"}
{"level":"warn","message":"Se intento acceder a /favicon.ico con el metodo GET","timestamp":"2023-01-30T16:43:45.910Z"}
{"level":"error","message":"ERROR 501 \n ruta '/favicon.ico' método 'GET' no implementada","timestamp":"2023-01-30T16:43:45.910Z"}
{"level":"warn","message":"Se intento acceder a /favicon.ico con el metodo GET","timestamp":"2023-01-30T17:29:12.071Z"}
{"level":"error","message":"ERROR 501 \n ruta '/favicon.ico' método 'GET' no implementada","timestamp":"2023-01-30T17:29:12.072Z"}
